build/intermediates/manifest_merge_blame_file/debug/manifest-merger-blame-debug-report.txt
1<?xml version="1.0" encoding="utf-8"?>
2<manifest xmlns:android="http://schemas.android.com/apk/res/android"
3    package="com.example.eloquent"
4    android:versionCode="1"
5    android:versionName="1.0" >
6
7    <uses-sdk
8        android:minSdkVersion="21"
8-->src/main/AndroidManifest.xml
9        android:targetSdkVersion="32" />
9-->src/main/AndroidManifest.xml
10
11    <application
11-->src/main/AndroidManifest.xml:6:5-44:19
12        android:allowBackup="true"
12-->src/main/AndroidManifest.xml:7:9-35
13        android:appComponentFactory="androidx.core.app.CoreComponentFactory"
13-->[androidx.core:core:1.5.0] AndroidManifest.xml:24:18-86
14        android:dataExtractionRules="@xml/data_extraction_rules"
14-->src/main/AndroidManifest.xml:8:9-65
15        android:debuggable="true"
16        android:fullBackupContent="@xml/backup_rules"
16-->src/main/AndroidManifest.xml:9:9-54
17        android:icon="@mipmap/ic_launcher"
17-->src/main/AndroidManifest.xml:10:9-43
18        android:label="@string/app_name"
18-->src/main/AndroidManifest.xml:11:9-41
19        android:roundIcon="@mipmap/ic_launcher_round"
19-->src/main/AndroidManifest.xml:12:9-54
20        android:supportsRtl="true"
20-->src/main/AndroidManifest.xml:13:9-35
21        android:testOnly="true"
22        android:theme="@style/Theme.Eloquent" >
22-->src/main/AndroidManifest.xml:14:9-46
23        <activity
23-->src/main/AndroidManifest.xml:16:9-18:40
24            android:name="com.example.eloquent.Import"
24-->src/main/AndroidManifest.xml:17:13-35
25            android:exported="false" />
25-->src/main/AndroidManifest.xml:18:13-37
26        <activity
26-->src/main/AndroidManifest.xml:19:9-21:40
27            android:name="com.example.eloquent.Presenting"
27-->src/main/AndroidManifest.xml:20:13-39
28            android:exported="false" />
28-->src/main/AndroidManifest.xml:21:13-37
29        <activity
29-->src/main/AndroidManifest.xml:22:9-24:40
30            android:name="com.example.eloquent.Preparation"
30-->src/main/AndroidManifest.xml:23:13-40
31            android:exported="false" />
31-->src/main/AndroidManifest.xml:24:13-37
32        <activity
32-->src/main/AndroidManifest.xml:25:9-33:20
33            android:name="com.example.eloquent.Login"
33-->src/main/AndroidManifest.xml:26:13-34
34            android:exported="true" >
34-->src/main/AndroidManifest.xml:27:13-36
35            <intent-filter>
35-->src/main/AndroidManifest.xml:28:13-32:29
36                <action android:name="android.intent.action.MAIN" />
36-->src/main/AndroidManifest.xml:29:17-69
36-->src/main/AndroidManifest.xml:29:25-66
37
38                <category android:name="android.intent.category.LAUNCHER" />
38-->src/main/AndroidManifest.xml:31:17-77
38-->src/main/AndroidManifest.xml:31:27-74
39            </intent-filter>
40        </activity>
41        <activity
41-->src/main/AndroidManifest.xml:34:9-40:20
42            android:name="com.example.eloquent.AddPres"
42-->src/main/AndroidManifest.xml:35:13-36
43            android:exported="false" >
43-->src/main/AndroidManifest.xml:36:13-37
44            <meta-data
44-->src/main/AndroidManifest.xml:37:13-39:49
45                android:name="android.support.PARENT_ACTIVITY"
45-->src/main/AndroidManifest.xml:38:17-63
46                android:value=".MainActivity" />
46-->src/main/AndroidManifest.xml:39:17-46
47        </activity>
48        <activity
48-->src/main/AndroidManifest.xml:41:9-43:39
49            android:name="com.example.eloquent.MainActivity"
49-->src/main/AndroidManifest.xml:42:13-41
50            android:exported="true" />
50-->src/main/AndroidManifest.xml:43:13-36
51        <activity
51-->[com.google.android.gms:play-services-auth:20.2.0] AndroidManifest.xml:23:9-27:75
52            android:name="com.google.android.gms.auth.api.signin.internal.SignInHubActivity"
52-->[com.google.android.gms:play-services-auth:20.2.0] AndroidManifest.xml:24:13-93
53            android:excludeFromRecents="true"
53-->[com.google.android.gms:play-services-auth:20.2.0] AndroidManifest.xml:25:13-46
54            android:exported="false"
54-->[com.google.android.gms:play-services-auth:20.2.0] AndroidManifest.xml:26:13-37
55            android:theme="@android:style/Theme.Translucent.NoTitleBar" />
55-->[com.google.android.gms:play-services-auth:20.2.0] AndroidManifest.xml:27:13-72
56        <!--
57            Service handling Google Sign-In user revocation. For apps that do not integrate with
58            Google Sign-In, this service will never be started.
59        -->
60        <service
60-->[com.google.android.gms:play-services-auth:20.2.0] AndroidManifest.xml:33:9-37:51
61            android:name="com.google.android.gms.auth.api.signin.RevocationBoundService"
61-->[com.google.android.gms:play-services-auth:20.2.0] AndroidManifest.xml:34:13-89
62            android:exported="true"
62-->[com.google.android.gms:play-services-auth:20.2.0] AndroidManifest.xml:35:13-36
63            android:permission="com.google.android.gms.auth.api.signin.permission.REVOCATION_NOTIFICATION"
63-->[com.google.android.gms:play-services-auth:20.2.0] AndroidManifest.xml:36:13-107
64            android:visibleToInstantApps="true" />
64-->[com.google.android.gms:play-services-auth:20.2.0] AndroidManifest.xml:37:13-48
65
66        <activity
66-->[com.google.android.gms:play-services-base:18.0.1] AndroidManifest.xml:20:9-22:45
67            android:name="com.google.android.gms.common.api.GoogleApiActivity"
67-->[com.google.android.gms:play-services-base:18.0.1] AndroidManifest.xml:20:19-85
68            android:exported="false"
68-->[com.google.android.gms:play-services-base:18.0.1] AndroidManifest.xml:22:19-43
69            android:theme="@android:style/Theme.Translucent.NoTitleBar" />
69-->[com.google.android.gms:play-services-base:18.0.1] AndroidManifest.xml:21:19-78
70
71        <meta-data
71-->[com.google.android.gms:play-services-basement:18.0.0] AndroidManifest.xml:21:9-23:69
72            android:name="com.google.android.gms.version"
72-->[com.google.android.gms:play-services-basement:18.0.0] AndroidManifest.xml:22:13-58
73            android:value="@integer/google_play_services_version" />
73-->[com.google.android.gms:play-services-basement:18.0.0] AndroidManifest.xml:23:13-66
74    </application>
75
76</manifest>